<?xml version="1.0" encoding="UTF-8"?>
<!-- Generated by org.testng.reporters.JUnitXMLReporter -->
<testsuite hostname="BLR1-LP34YG622" name="Default test" tests="3" failures="0" timestamp="11 Apr 2018 01:41:50 GMT" time="0.041" errors="0">
  <testcase name="googleLogoTest" time="0.009" classname="com.test.TestNgBasics"/>
  <testcase name="googleTitleTest" time="0.001" classname="com.test.TestNgBasics"/>
  <testcase name="searchTest" time="0.001" classname="com.test.TestNgBasics"/>
</testsuite> <!-- Default test -->
