<?xml version="1.0" encoding="UTF-8"?>
<testng-results skipped="0" failed="0" total="3" passed="3">
  <reporter-output>
  </reporter-output>
  <suite name="Default suite" duration-ms="41" started-at="2018-04-11T01:41:49Z" finished-at="2018-04-11T01:41:49Z">
    <groups>
    </groups>
    <test name="Default test" duration-ms="41" started-at="2018-04-11T01:41:49Z" finished-at="2018-04-11T01:41:49Z">
      <class name="com.test.TestNgBasics">
        <test-method status="PASS" signature="setUp()[pri:0, instance:com.test.TestNgBasics@2b98378d]" name="setUp" is-config="true" duration-ms="21" started-at="2018-04-11T07:11:49Z" finished-at="2018-04-11T07:11:49Z">
          <reporter-output>
          </reporter-output>
        </test-method> <!-- setUp -->
        <test-method status="PASS" signature="launchBrowser()[pri:0, instance:com.test.TestNgBasics@2b98378d]" name="launchBrowser" is-config="true" duration-ms="0" started-at="2018-04-11T07:11:49Z" finished-at="2018-04-11T07:11:49Z">
          <reporter-output>
          </reporter-output>
        </test-method> <!-- launchBrowser -->
        <test-method status="PASS" signature="login()[pri:0, instance:com.test.TestNgBasics@2b98378d]" name="login" is-config="true" duration-ms="0" started-at="2018-04-11T07:11:49Z" finished-at="2018-04-11T07:11:49Z">
          <reporter-output>
          </reporter-output>
        </test-method> <!-- login -->
        <test-method status="PASS" signature="googleLogoTest()[pri:0, instance:com.test.TestNgBasics@2b98378d]" name="googleLogoTest" duration-ms="9" started-at="2018-04-11T07:11:49Z" finished-at="2018-04-11T07:11:49Z">
          <reporter-output>
          </reporter-output>
        </test-method> <!-- googleLogoTest -->
        <test-method status="PASS" signature="enterURL()[pri:0, instance:com.test.TestNgBasics@2b98378d]" name="enterURL" is-config="true" duration-ms="0" started-at="2018-04-11T07:11:49Z" finished-at="2018-04-11T07:11:49Z">
          <reporter-output>
          </reporter-output>
        </test-method> <!-- enterURL -->
        <test-method status="PASS" signature="logOut()[pri:0, instance:com.test.TestNgBasics@2b98378d]" name="logOut" is-config="true" duration-ms="0" started-at="2018-04-11T07:11:49Z" finished-at="2018-04-11T07:11:49Z">
          <reporter-output>
          </reporter-output>
        </test-method> <!-- logOut -->
        <test-method status="PASS" signature="googleTitleTest()[pri:0, instance:com.test.TestNgBasics@2b98378d]" name="googleTitleTest" duration-ms="1" started-at="2018-04-11T07:11:49Z" finished-at="2018-04-11T07:11:49Z">
          <reporter-output>
          </reporter-output>
        </test-method> <!-- googleTitleTest -->
        <test-method status="PASS" signature="enterURL()[pri:0, instance:com.test.TestNgBasics@2b98378d]" name="enterURL" is-config="true" duration-ms="0" started-at="2018-04-11T07:11:49Z" finished-at="2018-04-11T07:11:49Z">
          <reporter-output>
          </reporter-output>
        </test-method> <!-- enterURL -->
        <test-method status="PASS" signature="enterURL()[pri:0, instance:com.test.TestNgBasics@2b98378d]" name="enterURL" is-config="true" duration-ms="1" started-at="2018-04-11T07:11:49Z" finished-at="2018-04-11T07:11:49Z">
          <reporter-output>
          </reporter-output>
        </test-method> <!-- enterURL -->
        <test-method status="PASS" signature="logOut()[pri:0, instance:com.test.TestNgBasics@2b98378d]" name="logOut" is-config="true" duration-ms="0" started-at="2018-04-11T07:11:49Z" finished-at="2018-04-11T07:11:49Z">
          <reporter-output>
          </reporter-output>
        </test-method> <!-- logOut -->
        <test-method status="PASS" signature="searchTest()[pri:0, instance:com.test.TestNgBasics@2b98378d]" name="searchTest" duration-ms="1" started-at="2018-04-11T07:11:49Z" finished-at="2018-04-11T07:11:49Z">
          <reporter-output>
          </reporter-output>
        </test-method> <!-- searchTest -->
        <test-method status="PASS" signature="closeBrowser()[pri:0, instance:com.test.TestNgBasics@2b98378d]" name="closeBrowser" is-config="true" duration-ms="0" started-at="2018-04-11T07:11:49Z" finished-at="2018-04-11T07:11:49Z">
          <reporter-output>
          </reporter-output>
        </test-method> <!-- closeBrowser -->
        <test-method status="PASS" signature="logOut()[pri:0, instance:com.test.TestNgBasics@2b98378d]" name="logOut" is-config="true" duration-ms="0" started-at="2018-04-11T07:11:49Z" finished-at="2018-04-11T07:11:49Z">
          <reporter-output>
          </reporter-output>
        </test-method> <!-- logOut -->
        <test-method status="PASS" signature="deleteAllCookies()[pri:0, instance:com.test.TestNgBasics@2b98378d]" name="deleteAllCookies" is-config="true" duration-ms="1" started-at="2018-04-11T07:11:49Z" finished-at="2018-04-11T07:11:49Z">
          <reporter-output>
          </reporter-output>
        </test-method> <!-- deleteAllCookies -->
      </class> <!-- com.test.TestNgBasics -->
    </test> <!-- Default test -->
  </suite> <!-- Default suite -->
</testng-results>
